<?xml version="1.0" encoding="UTF-8"?>
<!-- Generated by org.testng.reporters.JUnitReportReporter -->
<testsuite hostname="LAPTOP-ME9N52HR" failures="0" tests="1" name="crm.Zullu.RestAssuredFramework_Without_BDD.CreateProjects" time="1.291" errors="0" timestamp="2023-01-09T14:54:13 IST" skipped="0">
  <testcase classname="crm.Zullu.RestAssuredFramework_Without_BDD.CreateProjects" name="createProjects" time="1.291"/>
  <system-out/>
</testsuite> <!-- crm.Zullu.RestAssuredFramework_Without_BDD.CreateProjects -->
