<?xml version="1.0" encoding="UTF-8"?>
<!-- Generated by org.testng.reporters.JUnitReportReporter -->
<testsuite hostname="LAPTOP-ME9N52HR" failures="0" tests="1" name="parameters.FromParameter" time="1.023" errors="0" timestamp="2023-01-12T16:22:44 IST" skipped="0">
  <testcase classname="parameters.FromParameter" name="form" time="1.023"/>
  <system-out/>
</testsuite> <!-- parameters.FromParameter -->
