<?xml version="1.0" encoding="UTF-8"?>
<!-- Generated by org.testng.reporters.JUnitReportReporter -->
<testsuite hostname="LAPTOP-ME9N52HR" failures="0" tests="1" name="BasicAuth.BearerToken" time="3.349" errors="0" timestamp="2023-01-11T15:35:29 IST" skipped="0">
  <testcase classname="BasicAuth.BearerToken" name="bearertoken" time="3.349"/>
  <system-out/>
</testsuite> <!-- BasicAuth.BearerToken -->
