<?xml version="1.0" encoding="UTF-8"?>
<!-- Generated by org.testng.reporters.JUnitReportReporter -->
<testsuite hostname="LAPTOP-ME9N52HR" failures="0" tests="1" name="Convertor.Serialization" time="0.133" errors="0" timestamp="2023-01-12T17:39:28 IST" skipped="0">
  <testcase classname="Convertor.Serialization" name="main" time="0.133"/>
  <system-out/>
</testsuite> <!-- Convertor.Serialization -->
