<?xml version="1.0" encoding="UTF-8"?>
<!-- Generated by org.testng.reporters.JUnitReportReporter -->
<testsuite hostname="LAPTOP-ME9N52HR" failures="0" tests="1" name="Posting_Request_JsonFile.CreatingProject" time="1.674" errors="0" timestamp="2023-01-10T11:23:05 IST" skipped="0">
  <testcase classname="Posting_Request_JsonFile.CreatingProject" name="creatingProject" time="1.674"/>
  <system-out/>
</testsuite> <!-- Posting_Request_JsonFile.CreatingProject -->
