<?xml version="1.0" encoding="UTF-8"?>
<!-- Generated by org.testng.reporters.JUnitReportReporter -->
<testsuite hostname="LAPTOP-ME9N52HR" failures="0" tests="3" name="BasicAuth.CreateMultpileProjectDataProvider" time="2.096" errors="0" timestamp="2023-01-12T12:50:17 IST" skipped="0">
  <testcase classname="BasicAuth.CreateMultpileProjectDataProvider" name="createproject" time="0.080"/>
  <system-out/>
  <testcase classname="BasicAuth.CreateMultpileProjectDataProvider" name="createproject" time="0.092"/>
  <system-out/>
  <testcase classname="BasicAuth.CreateMultpileProjectDataProvider" name="createproject" time="1.924"/>
  <system-out/>
</testsuite> <!-- BasicAuth.CreateMultpileProjectDataProvider -->
