<?xml version="1.0" encoding="UTF-8"?>
<!-- Generated by org.testng.reporters.JUnitReportReporter -->
<testsuite hostname="LAPTOP-ME9N52HR" failures="0" tests="1" name="RestAssuredFramework_Without_BDD.CreateProjects" time="1.327" errors="0" timestamp="2023-01-11T10:10:13 IST" skipped="0">
  <testcase classname="RestAssuredFramework_Without_BDD.CreateProjects" name="createProjects" time="1.327"/>
  <system-out/>
</testsuite> <!-- RestAssuredFramework_Without_BDD.CreateProjects -->
