<?xml version="1.0" encoding="UTF-8"?>
<!-- Generated by org.testng.reporters.JUnitReportReporter -->
<testsuite hostname="LAPTOP-ME9N52HR" failures="0" tests="1" name="parameters.PathParameter" time="0.944" errors="0" timestamp="2023-01-11T10:34:41 IST" skipped="0">
  <testcase classname="parameters.PathParameter" name="pathparameter" time="0.944"/>
  <system-out/>
</testsuite> <!-- parameters.PathParameter -->
