<?xml version="1.0" encoding="UTF-8"?>
<!-- Generated by org.testng.reporters.JUnitReportReporter -->
<testsuite hostname="LAPTOP-ME9N52HR" failures="0" tests="1" name="BasicAuth.BasicAuh" time="1.717" errors="0" timestamp="2023-01-11T15:14:19 IST" skipped="0">
  <testcase classname="BasicAuth.BasicAuh" name="basicAuth" time="1.717"/>
  <system-out/>
</testsuite> <!-- BasicAuth.BasicAuh -->
