<?xml version="1.0" encoding="UTF-8"?>
<!-- Generated by org.testng.reporters.JUnitReportReporter -->
<testsuite hostname="LAPTOP-ME9N52HR" failures="0" tests="1" name="RequestChaining.CreateReaquestChaining" time="1.606" errors="0" timestamp="2023-01-11T12:38:15 IST" skipped="0">
  <testcase classname="RequestChaining.CreateReaquestChaining" name="craeteRequestChaing" time="1.606"/>
  <system-out/>
</testsuite> <!-- RequestChaining.CreateReaquestChaining -->
