<?xml version="1.0" encoding="UTF-8"?>
<!-- Generated by org.testng.reporters.JUnitReportReporter -->
<testsuite hostname="LAPTOP-ME9N52HR" failures="0" tests="1" name="RestAssuredFrameWork_With_Bdd.UpdateProjects" time="1.191" errors="0" timestamp="2023-01-09T16:25:13 IST" skipped="0">
  <testcase classname="RestAssuredFrameWork_With_Bdd.UpdateProjects" name="updateProjects" time="1.191"/>
  <system-out/>
</testsuite> <!-- RestAssuredFrameWork_With_Bdd.UpdateProjects -->
