<?xml version="1.0" encoding="UTF-8"?>
<!-- Generated by org.testng.reporters.JUnitReportReporter -->
<testsuite hostname="LAPTOP-ME9N52HR" failures="0" tests="1" name="Convertor.Deserailization" time="0.131" errors="0" timestamp="2023-01-12T16:40:34 IST" skipped="0">
  <testcase classname="Convertor.Deserailization" name="main" time="0.131"/>
  <system-out/>
</testsuite> <!-- Convertor.Deserailization -->
