<?xml version="1.0" encoding="UTF-8"?>
<!-- Generated by org.testng.reporters.JUnitReportReporter -->
<testsuite hostname="LAPTOP-ME9N52HR" failures="0" tests="1" name="BasicAuth.Oauth_2_0" time="2.586" errors="0" timestamp="2023-01-12T12:07:54 IST" skipped="0">
  <testcase classname="BasicAuth.Oauth_2_0" name="authauntication" time="2.586"/>
  <system-out/>
</testsuite> <!-- BasicAuth.Oauth_2_0 -->
