<?xml version="1.0" encoding="UTF-8"?>
<!-- Generated by org.testng.reporters.JUnitReportReporter -->
<testsuite hostname="LAPTOP-ME9N52HR" failures="0" tests="1" name="Validation.StaticValidation" time="3.897" errors="0" timestamp="2023-01-10T16:22:23 IST" skipped="0">
  <testcase classname="Validation.StaticValidation" name="staticvalidation" time="3.897"/>
  <system-out/>
</testsuite> <!-- Validation.StaticValidation -->
