<?xml version="1.0" encoding="UTF-8"?>
<!-- Generated by org.testng.reporters.JUnitReportReporter -->
<testsuite hostname="LAPTOP-ME9N52HR" failures="0" tests="1" name="PetStore.PetStore" time="8.127" errors="0" timestamp="2023-02-01T15:16:11 IST" skipped="0">
  <testcase classname="PetStore.PetStore" name="petstore" time="8.127"/>
  <system-out/>
</testsuite> <!-- PetStore.PetStore -->
