<?xml version="1.0" encoding="UTF-8"?>
<!-- Generated by org.testng.reporters.JUnitReportReporter -->
<testsuite hostname="LAPTOP-ME9N52HR" failures="0" tests="1" name="crm.Zullu.RestAssuredFramework_Without_BDD.Projects" time="1.478" errors="0" timestamp="2023-01-09T13:35:18 IST" skipped="0">
  <testcase classname="crm.Zullu.RestAssuredFramework_Without_BDD.Projects" name="createProjects" time="1.478"/>
  <system-out/>
</testsuite> <!-- crm.Zullu.RestAssuredFramework_Without_BDD.Projects -->
