<?xml version="1.0" encoding="UTF-8"?>
<!-- Generated by org.testng.reporters.JUnitReportReporter -->
<testsuite hostname="LAPTOP-ME9N52HR" failures="0" tests="1" name="parameters.QueryParameter" time="1.673" errors="0" timestamp="2023-01-11T10:00:32 IST" skipped="0">
  <testcase classname="parameters.QueryParameter" name="queryparameter" time="1.673"/>
  <system-out/>
</testsuite> <!-- parameters.QueryParameter -->
