<?xml version="1.0" encoding="UTF-8"?>
<!-- Generated by org.testng.reporters.JUnitReportReporter -->
<testsuite hostname="LAPTOP-ME9N52HR" failures="0" tests="1" name="RestAssuredFrameWork_With_Bdd.GetSingleProjects" time="1.687" errors="0" timestamp="2023-01-10T15:56:04 IST" skipped="0">
  <testcase classname="RestAssuredFrameWork_With_Bdd.GetSingleProjects" name="getsingleProjects" time="1.687"/>
  <system-out/>
</testsuite> <!-- RestAssuredFrameWork_With_Bdd.GetSingleProjects -->
