<?xml version="1.0" encoding="UTF-8"?>
<!-- Generated by org.testng.reporters.JUnitReportReporter -->
<testsuite hostname="LAPTOP-ME9N52HR" failures="0" tests="1" name="BasicAuth.BasicPreEmptiveAuth" time="1.729" errors="0" timestamp="2023-01-11T15:26:08 IST" skipped="0">
  <testcase classname="BasicAuth.BasicPreEmptiveAuth" name="basicpreEmptiveAuth" time="1.729"/>
  <system-out/>
</testsuite> <!-- BasicAuth.BasicPreEmptiveAuth -->
