<?xml version="1.0" encoding="UTF-8"?>
<!-- Generated by org.testng.reporters.JUnitReportReporter -->
<testsuite hostname="LAPTOP-ME9N52HR" failures="0" tests="1" name="Validation.DynmicValidation" time="3.319" errors="0" timestamp="2023-01-10T16:30:32 IST" skipped="0">
  <testcase classname="Validation.DynmicValidation" name="dynamicvalidation" time="3.319"/>
  <system-out/>
</testsuite> <!-- Validation.DynmicValidation -->
