<?xml version="1.0" encoding="UTF-8"?>
<!-- Generated by org.testng.reporters.JUnitReportReporter -->
<testsuite hostname="LAPTOP-ME9N52HR" failures="0" tests="1" name="Convertor.DeserailizationArray" time="0.133" errors="0" timestamp="2023-01-12T17:38:08 IST" skipped="0">
  <testcase classname="Convertor.DeserailizationArray" name="main" time="0.133"/>
  <system-out/>
</testsuite> <!-- Convertor.DeserailizationArray -->
