<?xml version="1.0" encoding="UTF-8"?>
<!-- Generated by org.testng.reporters.JUnitReportReporter -->
<testsuite hostname="LAPTOP-ME9N52HR" failures="0" tests="1" name="RestAssuredFrameWork_With_Bdd.GetAlltheProjects" time="2.844" errors="0" timestamp="2023-01-10T15:56:27 IST" skipped="0">
  <testcase classname="RestAssuredFrameWork_With_Bdd.GetAlltheProjects" name="getalltheProjects" time="2.844"/>
  <system-out/>
</testsuite> <!-- RestAssuredFrameWork_With_Bdd.GetAlltheProjects -->
