<?xml version="1.0" encoding="UTF-8"?>
<!-- Generated by org.testng.reporters.JUnitReportReporter -->
<testsuite hostname="LAPTOP-ME9N52HR" failures="0" tests="1" name="BasicAuth.BasicDigestiveAuth" time="1.848" errors="0" timestamp="2023-01-11T15:30:50 IST" skipped="0">
  <testcase classname="BasicAuth.BasicDigestiveAuth" name="basicdigestiveauth" time="1.848"/>
  <system-out/>
</testsuite> <!-- BasicAuth.BasicDigestiveAuth -->
