<?xml version="1.0" encoding="UTF-8"?>
<!-- Generated by org.testng.reporters.JUnitReportReporter -->
<testsuite hostname="LAPTOP-ME9N52HR" failures="0" tests="1" name="RestAssuredFrameWork_With_Bdd.CreateProjects" time="1.442" errors="0" timestamp="2023-01-11T12:34:16 IST" skipped="0">
  <testcase classname="RestAssuredFrameWork_With_Bdd.CreateProjects" name="createPrjocets" time="1.442"/>
  <system-out/>
</testsuite> <!-- RestAssuredFrameWork_With_Bdd.CreateProjects -->
