<?xml version="1.0" encoding="UTF-8"?>
<!-- Generated by org.testng.reporters.JUnitReportReporter -->
<testsuite hostname="LAPTOP-ME9N52HR" failures="0" tests="1" name="Posting_Request_JsonFile.PostByPojoClass" time="3.301" errors="0" timestamp="2023-01-10T15:18:45 IST" skipped="0">
  <testcase classname="Posting_Request_JsonFile.PostByPojoClass" name="postbyPojoClass" time="3.301"/>
  <system-out/>
</testsuite> <!-- Posting_Request_JsonFile.PostByPojoClass -->
