<?xml version="1.0" encoding="UTF-8"?>
<!-- Generated by org.testng.reporters.JUnitReportReporter -->
<testsuite hostname="LAPTOP-ME9N52HR" failures="0" tests="1" name="Posting_Request_JsonFile.PostByJsonObject" time="2.272" errors="0" timestamp="2023-01-10T11:32:44 IST" skipped="0">
  <testcase classname="Posting_Request_JsonFile.PostByJsonObject" name="jsonObjet" time="2.272"/>
  <system-out/>
</testsuite> <!-- Posting_Request_JsonFile.PostByJsonObject -->
